<?xml version="1.0" encoding="UTF-8"?>
<!-- Generated by org.testng.reporters.JUnitReportReporter -->
<testsuite hostname="DESKTOP-8BE00L8" failures="0" tests="1" name="Homepage.forAccessingLoginPage" time="9.985" errors="0" timestamp="2021-10-19T11:00:19 IST" skipped="0">
  <testcase classname="Homepage.forAccessingLoginPage" name="HomepageNavigation" time="9.985"/>
  <system-out/>
</testsuite> <!-- Homepage.forAccessingLoginPage -->
