<?xml version="1.0" encoding="UTF-8"?>
<!-- Generated by org.testng.reporters.JUnitReportReporter -->
<testsuite hostname="DESKTOP-8BE00L8" failures="0" tests="1" name="Homepage.SendingKeysInSearchBox" time="20.527" errors="0" timestamp="2021-10-20T12:55:11 IST" skipped="0">
  <testcase classname="Homepage.SendingKeysInSearchBox" name="HomepageNavigation" time="20.527"/>
  <system-out/>
</testsuite> <!-- Homepage.SendingKeysInSearchBox -->
