<?xml version="1.0" encoding="UTF-8"?>
<!-- Generated by org.testng.reporters.JUnitReportReporter -->
<testsuite hostname="DESKTOP-8BE00L8" failures="0" tests="3" name="runner.AtlanticBooksWebsite" time="57.292" errors="0" timestamp="2021-10-21T11:33:12 IST" skipped="0">
  <testcase classname="runner.AtlanticBooksWebsite" name="login" time="15.371"/>
  <system-out/>
  <testcase classname="runner.AtlanticBooksWebsite" name="SelectingBooks" time="24.581"/>
  <system-out/>
  <testcase classname="runner.AtlanticBooksWebsite" name="login" time="17.340"/>
  <system-out/>
</testsuite> <!-- runner.AtlanticBooksWebsite -->
