<?xml version="1.0" encoding="UTF-8"?>
<!-- Generated by org.testng.reporters.JUnitReportReporter -->
<testsuite hostname="DESKTOP-8BE00L8" failures="0" tests="1" name="Homepage.SelectingAParticularBook" time="25.542" errors="0" timestamp="2021-10-20T14:21:52 IST" skipped="0">
  <testcase classname="Homepage.SelectingAParticularBook" name="SelectingBooks" time="25.542"/>
  <system-out/>
</testsuite> <!-- Homepage.SelectingAParticularBook -->
